

***********************************************************************
Fatal NI connect error 12224, connecting to:
 (DESCRIPTION=(CONNECT_DATA=(SID=*)(SERVICE_NAME=sameer)(CID=(PROGRAM=C:\PERL\BIN\PERL.EXE)(HOST=SAMEER)(USER=sameer)))(ADDRESS=(PROTOCOL=TCP)(HOST=sameer)(PORT=1521)))

  VERSION INFORMATION:
	TNS for 32-bit Windows: Version 8.0.4.0.0 - Production
	Windows NT TCP/IP NT Protocol Adapter for 32-bit Windows: Version 8.0.4.0.0 - Production
  Time: 03-OCT-04 00:42:45
  Tracing not turned on.
  Tns error struct:
    nr err code: 12224
    TNS-12224: TNS:no listener
    ns main err code: 12541
    TNS-12541: TNS:no listener
    ns secondary err code: 12560
    nt main err code: 511
    TNS-00511: No listener
    nt secondary err code: 61
    nt OS err code: 0


***********************************************************************
Fatal NI connect error 12224, connecting to:
 (DESCRIPTION=(CONNECT_DATA=(SID=*)(SERVICE_NAME=sameer)(CID=(PROGRAM=C:\PERL\BIN\PERL.EXE)(HOST=SAMEER)(USER=sameer)))(ADDRESS=(PROTOCOL=TCP)(HOST=sameer)(PORT=1521)))

  VERSION INFORMATION:
	TNS for 32-bit Windows: Version 8.0.4.0.0 - Production
	Windows NT TCP/IP NT Protocol Adapter for 32-bit Windows: Version 8.0.4.0.0 - Production
  Time: 03-OCT-04 00:43:26
  Tracing not turned on.
  Tns error struct:
    nr err code: 12224
    TNS-12224: TNS:no listener
    ns main err code: 12541
    TNS-12541: TNS:no listener
    ns secondary err code: 12560
    nt main err code: 511
    TNS-00511: No listener
    nt secondary err code: 61
    nt OS err code: 0


***********************************************************************
Fatal NI connect error 12224, connecting to:
 (DESCRIPTION=(CONNECT_DATA=(SID=*)(SERVICE_NAME=sameer)(CID=(PROGRAM=C:\PERL\BIN\PERL.EXE)(HOST=SAMEER)(USER=sameer)))(ADDRESS=(PROTOCOL=TCP)(HOST=sameer)(PORT=1521)))

  VERSION INFORMATION:
	TNS for 32-bit Windows: Version 8.0.4.0.0 - Production
	Windows NT TCP/IP NT Protocol Adapter for 32-bit Windows: Version 8.0.4.0.0 - Production
  Time: 03-OCT-04 00:44:00
  Tracing not turned on.
  Tns error struct:
    nr err code: 12224
    TNS-12224: TNS:no listener
    ns main err code: 12541
    TNS-12541: TNS:no listener
    ns secondary err code: 12560
    nt main err code: 511
    TNS-00511: No listener
    nt secondary err code: 61
    nt OS err code: 0


***********************************************************************
Fatal NI connect error 12224, connecting to:
 (DESCRIPTION=(CONNECT_DATA=(SID=*)(SERVICE_NAME=sameer)(CID=(PROGRAM=C:\PERL\BIN\PERL.EXE)(HOST=SAMEER)(USER=sameer)))(ADDRESS=(PROTOCOL=TCP)(HOST=sameer)(PORT=1521)))

  VERSION INFORMATION:
	TNS for 32-bit Windows: Version 8.0.4.0.0 - Production
	Windows NT TCP/IP NT Protocol Adapter for 32-bit Windows: Version 8.0.4.0.0 - Production
  Time: 03-OCT-04 00:45:06
  Tracing not turned on.
  Tns error struct:
    nr err code: 12224
    TNS-12224: TNS:no listener
    ns main err code: 12541
    TNS-12541: TNS:no listener
    ns secondary err code: 12560
    nt main err code: 511
    TNS-00511: No listener
    nt secondary err code: 61
    nt OS err code: 0


***********************************************************************
Fatal NI connect error 12224, connecting to:
 (DESCRIPTION=(CONNECT_DATA=(SID=*)(SERVICE_NAME=sameer)(CID=(PROGRAM=C:\PERL\BIN\PERL.EXE)(HOST=SAMEER)(USER=sameer)))(ADDRESS=(PROTOCOL=TCP)(HOST=sameer)(PORT=1521)))

  VERSION INFORMATION:
	TNS for 32-bit Windows: Version 8.0.4.0.0 - Production
	Windows NT TCP/IP NT Protocol Adapter for 32-bit Windows: Version 8.0.4.0.0 - Production
  Time: 03-OCT-04 00:46:36
  Tracing not turned on.
  Tns error struct:
    nr err code: 12224
    TNS-12224: TNS:no listener
    ns main err code: 12541
    TNS-12541: TNS:no listener
    ns secondary err code: 12560
    nt main err code: 511
    TNS-00511: No listener
    nt secondary err code: 61
    nt OS err code: 0


***********************************************************************
Fatal NI connect error 12224, connecting to:
 (DESCRIPTION=(CONNECT_DATA=(SID=*)(SERVICE_NAME=sameer)(CID=(PROGRAM=C:\PERL\BIN\PERL.EXE)(HOST=SAMEER)(USER=sameer)))(ADDRESS=(PROTOCOL=TCP)(HOST=sameer)(PORT=1521)))

  VERSION INFORMATION:
	TNS for 32-bit Windows: Version 8.0.4.0.0 - Production
	Windows NT TCP/IP NT Protocol Adapter for 32-bit Windows: Version 8.0.4.0.0 - Production
  Time: 03-OCT-04 00:56:31
  Tracing not turned on.
  Tns error struct:
    nr err code: 12224
    TNS-12224: TNS:no listener
    ns main err code: 12541
    TNS-12541: TNS:no listener
    ns secondary err code: 12560
    nt main err code: 511
    TNS-00511: No listener
    nt secondary err code: 61
    nt OS err code: 0


***********************************************************************
Fatal NI connect error 12224, connecting to:
 (DESCRIPTION=(CONNECT_DATA=(SID=*)(SERVICE_NAME=sameer)(CID=(PROGRAM=C:\PERL\BIN\PERL.EXE)(HOST=SAMEER)(USER=sameer)))(ADDRESS=(PROTOCOL=TCP)(HOST=sameer)(PORT=1521)))

  VERSION INFORMATION:
	TNS for 32-bit Windows: Version 8.0.4.0.0 - Production
	Windows NT TCP/IP NT Protocol Adapter for 32-bit Windows: Version 8.0.4.0.0 - Production
  Time: 03-OCT-04 01:14:27
  Tracing not turned on.
  Tns error struct:
    nr err code: 12224
    TNS-12224: TNS:no listener
    ns main err code: 12541
    TNS-12541: TNS:no listener
    ns secondary err code: 12560
    nt main err code: 511
    TNS-00511: No listener
    nt secondary err code: 61
    nt OS err code: 0


***********************************************************************
Fatal NI connect error 12224, connecting to:
 (DESCRIPTION=(CONNECT_DATA=(SID=*)(SERVICE_NAME=sameer)(CID=(PROGRAM=C:\PERL\BIN\PERL.EXE)(HOST=SAMEER)(USER=sameer)))(ADDRESS=(PROTOCOL=TCP)(HOST=sameer)(PORT=1521)))

  VERSION INFORMATION:
	TNS for 32-bit Windows: Version 8.0.4.0.0 - Production
	Windows NT TCP/IP NT Protocol Adapter for 32-bit Windows: Version 8.0.4.0.0 - Production
  Time: 03-OCT-04 01:14:34
  Tracing not turned on.
  Tns error struct:
    nr err code: 12224
    TNS-12224: TNS:no listener
    ns main err code: 12541
    TNS-12541: TNS:no listener
    ns secondary err code: 12560
    nt main err code: 511
    TNS-00511: No listener
    nt secondary err code: 61
    nt OS err code: 0


***********************************************************************
Fatal NI connect error 12224, connecting to:
 (DESCRIPTION=(CONNECT_DATA=(SID=*)(SERVICE_NAME=sameer)(CID=(PROGRAM=C:\PERL\BIN\PERL.EXE)(HOST=SAMEER)(USER=sameer)))(ADDRESS=(PROTOCOL=TCP)(HOST=sameer)(PORT=1521)))

  VERSION INFORMATION:
	TNS for 32-bit Windows: Version 8.0.4.0.0 - Production
	Windows NT TCP/IP NT Protocol Adapter for 32-bit Windows: Version 8.0.4.0.0 - Production
  Time: 03-OCT-04 01:21:13
  Tracing not turned on.
  Tns error struct:
    nr err code: 12224
    TNS-12224: TNS:no listener
    ns main err code: 12541
    TNS-12541: TNS:no listener
    ns secondary err code: 12560
    nt main err code: 511
    TNS-00511: No listener
    nt secondary err code: 61
    nt OS err code: 0


***********************************************************************
Fatal NI connect error 12224, connecting to:
 (DESCRIPTION=(CONNECT_DATA=(SID=*)(SERVICE_NAME=sameer)(CID=(PROGRAM=C:\PERL\BIN\PERL.EXE)(HOST=SAMEER)(USER=sameer)))(ADDRESS=(PROTOCOL=TCP)(HOST=sameer)(PORT=1521)))

  VERSION INFORMATION:
	TNS for 32-bit Windows: Version 8.0.4.0.0 - Production
	Windows NT TCP/IP NT Protocol Adapter for 32-bit Windows: Version 8.0.4.0.0 - Production
  Time: 03-OCT-04 01:21:41
  Tracing not turned on.
  Tns error struct:
    nr err code: 12224
    TNS-12224: TNS:no listener
    ns main err code: 12541
    TNS-12541: TNS:no listener
    ns secondary err code: 12560
    nt main err code: 511
    TNS-00511: No listener
    nt secondary err code: 61
    nt OS err code: 0


***********************************************************************
Fatal NI connect error 12224, connecting to:
 (DESCRIPTION=(CONNECT_DATA=(SID=*)(SERVICE_NAME=sameer)(CID=(PROGRAM=C:\PERL\BIN\PERL.EXE)(HOST=SAMEER)(USER=sameer)))(ADDRESS=(PROTOCOL=TCP)(HOST=sameer)(PORT=1521)))

  VERSION INFORMATION:
	TNS for 32-bit Windows: Version 8.0.4.0.0 - Production
	Windows NT TCP/IP NT Protocol Adapter for 32-bit Windows: Version 8.0.4.0.0 - Production
  Time: 03-OCT-04 01:22:22
  Tracing not turned on.
  Tns error struct:
    nr err code: 12224
    TNS-12224: TNS:no listener
    ns main err code: 12541
    TNS-12541: TNS:no listener
    ns secondary err code: 12560
    nt main err code: 511
    TNS-00511: No listener
    nt secondary err code: 61
    nt OS err code: 0


***********************************************************************
Fatal NI connect error 12224, connecting to:
 (DESCRIPTION=(CONNECT_DATA=(SID=*)(SERVICE_NAME=sameer)(CID=(PROGRAM=C:\PERL\BIN\PERL.EXE)(HOST=SAMEER)(USER=sameer)))(ADDRESS=(PROTOCOL=TCP)(HOST=sameer)(PORT=1521)))

  VERSION INFORMATION:
	TNS for 32-bit Windows: Version 8.0.4.0.0 - Production
	Windows NT TCP/IP NT Protocol Adapter for 32-bit Windows: Version 8.0.4.0.0 - Production
  Time: 03-OCT-04 01:29:13
  Tracing not turned on.
  Tns error struct:
    nr err code: 12224
    TNS-12224: TNS:no listener
    ns main err code: 12541
    TNS-12541: TNS:no listener
    ns secondary err code: 12560
    nt main err code: 511
    TNS-00511: No listener
    nt secondary err code: 61
    nt OS err code: 0


***********************************************************************
Fatal NI connect error 12224, connecting to:
 (DESCRIPTION=(CONNECT_DATA=(SID=*)(SERVICE_NAME=sameer)(CID=(PROGRAM=C:\PERL\BIN\PERL.EXE)(HOST=SAMEER)(USER=sameer)))(ADDRESS=(PROTOCOL=TCP)(HOST=sameer)(PORT=1521)))

  VERSION INFORMATION:
	TNS for 32-bit Windows: Version 8.0.4.0.0 - Production
	Windows NT TCP/IP NT Protocol Adapter for 32-bit Windows: Version 8.0.4.0.0 - Production
  Time: 03-OCT-04 01:38:18
  Tracing not turned on.
  Tns error struct:
    nr err code: 12224
    TNS-12224: TNS:no listener
    ns main err code: 12541
    TNS-12541: TNS:no listener
    ns secondary err code: 12560
    nt main err code: 511
    TNS-00511: No listener
    nt secondary err code: 61
    nt OS err code: 0


***********************************************************************
Fatal NI connect error 12224, connecting to:
 (DESCRIPTION=(CONNECT_DATA=(SID=*)(SERVICE_NAME=sameer)(CID=(PROGRAM=C:\PERL\BIN\PERL.EXE)(HOST=SAMEER)(USER=sameer)))(ADDRESS=(PROTOCOL=TCP)(HOST=sameer)(PORT=1521)))

  VERSION INFORMATION:
	TNS for 32-bit Windows: Version 8.0.4.0.0 - Production
	Windows NT TCP/IP NT Protocol Adapter for 32-bit Windows: Version 8.0.4.0.0 - Production
  Time: 03-OCT-04 01:46:25
  Tracing not turned on.
  Tns error struct:
    nr err code: 12224
    TNS-12224: TNS:no listener
    ns main err code: 12541
    TNS-12541: TNS:no listener
    ns secondary err code: 12560
    nt main err code: 511
    TNS-00511: No listener
    nt secondary err code: 61
    nt OS err code: 0
